116.9532
2326226.8386
117278.3532
672720.5165
352785.5493
795286.3666
228498.6601
481.7400
12108871.2807
384218.3794
55840.2354
201572.9100
297590.4916
6706.0473
3270126.5454
560109.1696
2554394.2104
569819.7795
366020.7380
225156.1826
3768482.8035
41750.9736
2192.4000
868299.1280
755330.3012
99962.3288
12621443.0045
54472919.1036
548849.8419
851620.3980
2774.7281
468082.7830
1519300.2352
4170599.5797
9532762.8448
384401.4536
1179877.9674
14130713.6492
638800.5541
6777773.1883
105295.2047
11337390.1961
5687571.2482
41902.1618
2.4000
1281216.0397
3265529.9701
311250.4265
1737571.5129
877008.8373
1576103.5591
418501.1067
1609549.5776
2863296.1059
1204243.6646
24022.1873
5422120.5022
13059.6883
94197048.9808
1598.9602
5753265.3306
436232.7840
10148619.5883
219065.1765
2137867.6875
1153376.9370
14281.3440
3669888.2575
107572.9536
696810.2440
15639.3800
3300347.4266
6949901.3410
3721474.9899
1629021.0329
149272.4091
8472441.8896
111233.9887
67454.1915
4.8000
2376923.6091
2137280.3784
529015.0802
21.7600
175.2180
1156792.5218
34997.6484
315994.3072
1115.5200
6487833.1366
15269171.4007
91.3500
907613.0655
223549.5387
11895379.0322
787145.6538
2282502.3917
87406.5046
1239.0144
921174.8626
